[debug] [2023-05-03T17:58:23.569Z] ----------------------------------------------------------------------
[debug] [2023-05-03T17:58:23.572Z] Command:       C:\Program Files\nodejs\node.exe C:\Users\franc\AppData\Roaming\npm\node_modules\firebase-tools\lib\bin\firebase.js deploy --only hosting
[debug] [2023-05-03T17:58:23.573Z] CLI Version:   11.29.1
[debug] [2023-05-03T17:58:23.573Z] Platform:      win32
[debug] [2023-05-03T17:58:23.573Z] Node Version:  v18.14.1
[debug] [2023-05-03T17:58:23.574Z] Time:          Wed May 03 2023 19:58:23 GMT+0200 (Ora legale dell’Europa centrale)
[debug] [2023-05-03T17:58:23.574Z] ----------------------------------------------------------------------
[debug] 
[debug] [2023-05-03T17:58:23.650Z] > command requires scopes: ["email","openid","https://www.googleapis.com/auth/cloudplatformprojects.readonly","https://www.googleapis.com/auth/firebase","https://www.googleapis.com/auth/cloud-platform"]
[debug] [2023-05-03T17:58:23.651Z] > authorizing via signed-in user (francescodore27@gmail.com)
[debug] [2023-05-03T17:58:23.651Z] [iam] checking project kanban-c3a27 for permissions ["firebase.projects.get","firebasehosting.sites.update"]
[debug] [2023-05-03T17:58:23.653Z] > refreshing access token with scopes: []
[debug] [2023-05-03T17:58:23.655Z] >>> [apiv2][query] POST https://www.googleapis.com/oauth2/v3/token [none]
[debug] [2023-05-03T17:58:23.655Z] >>> [apiv2][body] POST https://www.googleapis.com/oauth2/v3/token [omitted]
[debug] [2023-05-03T17:58:23.888Z] <<< [apiv2][status] POST https://www.googleapis.com/oauth2/v3/token 200
[debug] [2023-05-03T17:58:23.888Z] <<< [apiv2][body] POST https://www.googleapis.com/oauth2/v3/token [omitted]
[debug] [2023-05-03T17:58:23.897Z] >>> [apiv2][query] POST https://cloudresourcemanager.googleapis.com/v1/projects/kanban-c3a27:testIamPermissions [none]
[debug] [2023-05-03T17:58:23.897Z] >>> [apiv2][(partial)header] POST https://cloudresourcemanager.googleapis.com/v1/projects/kanban-c3a27:testIamPermissions x-goog-quota-user=projects/kanban-c3a27
[debug] [2023-05-03T17:58:23.897Z] >>> [apiv2][body] POST https://cloudresourcemanager.googleapis.com/v1/projects/kanban-c3a27:testIamPermissions {"permissions":["firebase.projects.get","firebasehosting.sites.update"]}
[debug] [2023-05-03T17:58:24.726Z] <<< [apiv2][status] POST https://cloudresourcemanager.googleapis.com/v1/projects/kanban-c3a27:testIamPermissions 200
[debug] [2023-05-03T17:58:24.726Z] <<< [apiv2][body] POST https://cloudresourcemanager.googleapis.com/v1/projects/kanban-c3a27:testIamPermissions {"permissions":["firebase.projects.get","firebasehosting.sites.update"]}
[debug] [2023-05-03T17:58:24.727Z] >>> [apiv2][query] GET https://firebase.googleapis.com/v1beta1/projects/kanban-c3a27 [none]
[debug] [2023-05-03T17:58:25.048Z] <<< [apiv2][status] GET https://firebase.googleapis.com/v1beta1/projects/kanban-c3a27 200
[debug] [2023-05-03T17:58:25.048Z] <<< [apiv2][body] GET https://firebase.googleapis.com/v1beta1/projects/kanban-c3a27 {"projectId":"kanban-c3a27","projectNumber":"166863329722","displayName":"KanBan","name":"projects/kanban-c3a27","resources":{"hostingSite":"kanban-c3a27"},"state":"ACTIVE","etag":"1_9953d3f8-e63f-4f6d-942e-1c7c43a00e9a"}
[info] 
[info] === Deploying to 'kanban-c3a27'...
[info] 
[info] i  deploying hosting 
[debug] [2023-05-03T17:58:25.056Z] >>> [apiv2][query] POST https://firebasehosting.googleapis.com/v1beta1/projects/-/sites/kanban-c3a27/versions [none]
[debug] [2023-05-03T17:58:25.056Z] >>> [apiv2][body] POST https://firebasehosting.googleapis.com/v1beta1/projects/-/sites/kanban-c3a27/versions {"status":"CREATED","labels":{"deployment-tool":"cli-firebase"}}
[debug] [2023-05-03T17:58:26.373Z] <<< [apiv2][status] POST https://firebasehosting.googleapis.com/v1beta1/projects/-/sites/kanban-c3a27/versions 200
[debug] [2023-05-03T17:58:26.373Z] <<< [apiv2][body] POST https://firebasehosting.googleapis.com/v1beta1/projects/-/sites/kanban-c3a27/versions {"name":"projects/166863329722/sites/kanban-c3a27/versions/ac81b5ab2e8b6ad3","status":"CREATED","config":{},"labels":{"deployment-tool":"cli-firebase"}}
[info] i  hosting[kanban-c3a27]: beginning deploy... 
[info] i  hosting[kanban-c3a27]: found 34 files in public 
[debug] [2023-05-03T17:58:26.394Z] [hosting] uploading with 200 concurrency
[debug] [2023-05-03T17:58:26.406Z] [hosting] hash cache [cHVibGlj] stored for 34 files
[debug] [2023-05-03T17:58:26.407Z] [hosting][hash queue][FINAL] {"max":4,"min":0,"avg":0.11764705882352941,"active":0,"complete":34,"success":34,"errored":0,"retried":0,"total":34,"elapsed":9}
[debug] [2023-05-03T17:58:26.407Z] >>> [apiv2][query] POST https://firebasehosting.googleapis.com/v1beta1/projects/166863329722/sites/kanban-c3a27/versions/ac81b5ab2e8b6ad3:populateFiles [none]
[debug] [2023-05-03T17:58:26.407Z] >>> [apiv2][body] POST https://firebasehosting.googleapis.com/v1beta1/projects/166863329722/sites/kanban-c3a27/versions/ac81b5ab2e8b6ad3:populateFiles {"files":{"/404.html":"daa499dd96d8229e73235345702ba32f0793f0c8e5c0d30e40e37a5872be57aa","/firebaseConfig.js":"f8ad98076f48f8b92f3d0d989a8262f4b77bf773733f9e1588c9776b1923f7b5","/index.html":"b92c73dd3131a9e9b8a06a8482000b7a3bddeed840792c1db25d6ed02ee46392","/Manifest.webmanifest":"60dbdbeb14c54377e19e12f5917778d431705833731617b86c09bb491c4bf25d","/package-lock.json":"c6214a35864683320901bcc935d81a22643879e9e4c65ad393ec393664ba8aa2","/package.json":"170400f3dd693caa7a77902e2ccef3e5b9893560a936709ec5801dab82d75aa8","/README.md":"cf5d5571694a35947c5c5d0bf41e83c358360d21855f4766480e4854595ee13b","/serviceWorker.js":"a8d735eddf6f79bb2ffb48b3c6bb27ee6b9590c51122231444ee4c2988b8c7a4","/style.css":"6752c537344e471441e2f5addae0b238a792e29de29bcd8e88f405d419cb7072","/swRegistration.js":"7c9fe6f999c96a5149aba4518050ee3bbe66d2690f48445243b8bbbd0f0efb35","/AboutPage/index.html":"bde18224ac5e6384a470d9d439b5249de65cf8b6c9bd22ba69f060255b14bde5","/AboutPage/style.css":"e30a1595241a6ff821476fd174b97ad2e0d46e39da51e06ceb2f8d857334b603","/common/Logo144.png":"9dc6246c1c4f1784f9c874612535d9e81af7334f86f1068d441332b513efe2f0","/common/Logo192.png":"a47134e5a672ca5164c6f2ff29abcdf6a2e93a3994f46a0bd78d9d1f04446bbe","/common/Logo512.png":"3cb75b318c03456fdbdfefb8983cb23c70dbd51ed8c76a8c69380eef28d72907","/common/Logo_dark_inverted144.png":"6ff8c92b1d954cab15631ac57093c34ae7890c68df7ef989e81b1e14b8bf0846","/common/Logo_dark_inverted192.png":"c0815431d04b274ba51a6f326afe17e4c837988b1b9b51a06cf23c2ec9dea73c","/common/Logo_dark_inverted512.png":"c8362cf9ab6772817632055bccfbf4ddd83bb2e446dac5eaa4d1663cec4ad7cb","/ContactsPage/index.html":"4a5b8ecd771a2ef627394ee857e600d7af7cd2a3650e31c5ff183e5d7a562a5b","/ContactsPage/style.css":"01de3c3bf81245a439962f57eba55e9833d499f9af39c1f49e597b5467542af0","/FallbackPage/index.html":"aa76f4f394b04bdbdcc0bab44abc1cd619d2dd56b9aba84162401dcd9df19c66","/FallbackPage/style2.css":"15d20529b8c139af0beef2d09f6d031d33ba4009ac17c91050a2267dcb1ab5bb","/HomePage/index.html":"400bba9de9899ade454bcdd736a70f7320bfd091bd1fcee1933d9aad6cb2b7ae","/HomePage/script.js":"c6220e583fb239850dc2c9c801d4e7df14fa2a63086204bf77d20b7a46fc7d24","/LogInPage/index.html":"73cccc8bf38200c77017b045d76f77fa2ee3c991721977502d349e1b809b835d","/LogInPage/script.js":"8eab140d6ba8ac23e236ecceef95d3034e541cea74f418b4ec7a85dc76b9b17f","/LogInPage/style.css":"cf0533529ca01c41d025681366854db71ad45baddc98fa738292277dc75151f9","/PWRecoveryPage/index.html":"63c852c68db1f58bedd88b2e70396a789fba0170c5cff6c80cb12d33a34e2847","/PWRecoveryPage/script.js":"731ab7830d612f0710d376881a02c0191147db671c9efd4d2ba731455770f3cf","/PWRecoveryPage/style.css":"9293c2db5322423cc6aeb4292234298651418227f030bb233f0e025874a7815e","/RegistrationPage/index.html":"4400353d86d4a26ca912ff95308ce5124cff3e2f7107ec460edc715c860e6eda","/RegistrationPage/script.js":"cb410ab8daccdc86fe2c4c8b98831b731324603e0d6c24ba8f7a52bec36dfc6f","/RegistrationPage/style.css":"20d51faa7b478935d7fb74ab7d65d393f0de97717bc2a50cfcc35d314e77a41b","/HomePage/style.css":"ac983ca4fe1d02bc3d87af8b0c7f770426b714c9e34d738b72a527715fc4dd4c"}}
[debug] [2023-05-03T17:58:27.420Z] <<< [apiv2][status] POST https://firebasehosting.googleapis.com/v1beta1/projects/166863329722/sites/kanban-c3a27/versions/ac81b5ab2e8b6ad3:populateFiles 200
[debug] [2023-05-03T17:58:27.420Z] <<< [apiv2][body] POST https://firebasehosting.googleapis.com/v1beta1/projects/166863329722/sites/kanban-c3a27/versions/ac81b5ab2e8b6ad3:populateFiles {"uploadRequiredHashes":["ac983ca4fe1d02bc3d87af8b0c7f770426b714c9e34d738b72a527715fc4dd4c"],"uploadUrl":"https://upload-firebasehosting.googleapis.com/upload/sites/kanban-c3a27/versions/ac81b5ab2e8b6ad3/files"}
[debug] [2023-05-03T17:58:27.422Z] >>> [apiv2][query] POST https://upload-firebasehosting.googleapis.com/upload/sites/kanban-c3a27/versions/ac81b5ab2e8b6ad3/files/ac983ca4fe1d02bc3d87af8b0c7f770426b714c9e34d738b72a527715fc4dd4c [none]
[debug] [2023-05-03T17:58:27.422Z] >>> [apiv2][body] POST https://upload-firebasehosting.googleapis.com/upload/sites/kanban-c3a27/versions/ac81b5ab2e8b6ad3/files/ac983ca4fe1d02bc3d87af8b0c7f770426b714c9e34d738b72a527715fc4dd4c [stream]
[debug] [2023-05-03T17:58:27.424Z] [hosting][populate queue][FINAL] {"max":1018,"min":1018,"avg":1018,"active":0,"complete":1,"success":1,"errored":0,"retried":0,"total":1,"elapsed":1020}
[debug] [2023-05-03T17:58:27.424Z] [hosting] uploads queued: 1
